Start testing: Jun 28 10:08 EDT
----------------------------------------------------------
1/2 Testing: test_OOKz
1/2 Test: test_OOKz
Command: "/bin/sh" "/home/mcl/OOT_Modules/gr-ultimate/build/lib/test_OOKz_test.sh"
Directory: /home/mcl/OOT_Modules/gr-ultimate/build/lib
"test_OOKz" start time: Jun 28 10:08 EDT
Output:
----------------------------------------------------------
.

<end of output>
Test time =   0.00 sec
----------------------------------------------------------
Test Passed.
"test_OOKz" end time: Jun 28 10:08 EDT
"test_OOKz" time elapsed: 00:00:00
----------------------------------------------------------

2/2 Testing: qa_orange
2/2 Test: qa_orange
Command: "/bin/sh" "/home/mcl/OOT_Modules/gr-ultimate/build/python/qa_orange_test.sh"
Directory: /home/mcl/OOT_Modules/gr-ultimate/build/python
"qa_orange" start time: Jun 28 10:08 EDT
Output:
----------------------------------------------------------
.
----------------------------------------------------------------------
Ran 1 test in 0.001s

OK
source:
(0.0, 1.0)
Results: 
(-1.0, -1.0, 1.0, 1.0)
source:
(0.0, 1.0)
Results: 
(-1.0, -1.0, 1.0, 1.0)
<end of output>
Test time =   0.25 sec
----------------------------------------------------------
Test Passed.
"qa_orange" end time: Jun 28 10:08 EDT
"qa_orange" time elapsed: 00:00:00
----------------------------------------------------------

End testing: Jun 28 10:08 EDT
